C51 COMPILER V9.60.7.0   MAIN                                                              02/20/2025 23:08:05 PAGE 1   


C51 COMPILER V9.60.7.0, COMPILATION OF MODULE MAIN
OBJECT MODULE PLACED IN .\Objects\main.obj
COMPILER INVOKED BY: C:\Keil_v5\C51\BIN\C51.EXE main.c OPTIMIZE(8,SPEED) BROWSE DEBUG OBJECTEXTEND PRINT(.\Listings\main
                    -.lst) TABS(2) OBJECT(.\Objects\main.obj)

line level    source

   1          #include<reg51.h>
   2          
   3          sbit LED = P2^0;
   4          sbit SW = P2^7;
   5          
   6          void switch_delay();
   7          
   8          void init_confg()
   9          {
  10   1        SW = 1; //Switch as Input
  11   1      }
  12          
  13          void main()
  14          {
  15   1        init_confg();
  16   1        
  17   1        while(1)
  18   1        {
  19   2          if(SW == 0)
  20   2          {
  21   3            switch_delay();
  22   3            LED = ~LED;
  23   3          }
  24   2        }
  25   1      }
  26          
  27          void switch_delay()
  28          {
  29   1        unsigned int x;
  30   1        for(x = 0; x < 50; x++);
  31   1      }


MODULE INFORMATION:   STATIC OVERLAYABLE
   CODE SIZE        =     31    ----
   CONSTANT SIZE    =   ----    ----
   XDATA SIZE       =   ----    ----
   PDATA SIZE       =   ----    ----
   DATA SIZE        =   ----    ----
   IDATA SIZE       =   ----    ----
   BIT SIZE         =   ----    ----
END OF MODULE INFORMATION.


C51 COMPILATION COMPLETE.  0 WARNING(S),  0 ERROR(S)
