C51 COMPILER V9.60.7.0   MAIN                                                              02/20/2025 22:52:24 PAGE 1   


C51 COMPILER V9.60.7.0, COMPILATION OF MODULE MAIN
OBJECT MODULE PLACED IN .\Objects\main.obj
COMPILER INVOKED BY: C:\Keil_v5\C51\BIN\C51.EXE main.c OPTIMIZE(8,SPEED) BROWSE DEBUG OBJECTEXTEND PRINT(.\Listings\main
                    -.lst) TABS(2) OBJECT(.\Objects\main.obj)

line level    source

   1          #include<reg51.h>
   2          
   3          sbit LED = P2^0;
   4          sbit SW1 = P2^6;
   5          sbit SW2 = P2^7;
   6          
   7          void switch_delay();
   8          
   9          void init_confg()
  10          {
  11   1        SW1 = 1; // SW1 as Input
  12   1        SW2 = 1; // SW2 as Input
  13   1      }
  14          
  15          void main()
  16          {
  17   1        init_confg();
  18   1        while(1)
  19   1        {
  20   2          if(SW1 == 0)
  21   2          {
  22   3            switch_delay();
  23   3            LED = 1;
  24   3          }
  25   2          if(SW2 == 0)
  26   2          {
  27   3            switch_delay();
  28   3            LED = 0;
  29   3          }     
  30   2        }
  31   1      }
  32          
  33          void switch_delay()
  34          {
  35   1        unsigned int i;
  36   1        for(i = 0; i<5; i++);
  37   1      }


MODULE INFORMATION:   STATIC OVERLAYABLE
   CODE SIZE        =     41    ----
   CONSTANT SIZE    =   ----    ----
   XDATA SIZE       =   ----    ----
   PDATA SIZE       =   ----    ----
   DATA SIZE        =   ----    ----
   IDATA SIZE       =   ----    ----
   BIT SIZE         =   ----    ----
END OF MODULE INFORMATION.


C51 COMPILATION COMPLETE.  0 WARNING(S),  0 ERROR(S)
