C51 COMPILER V9.60.7.0   MAIN                                                              02/13/2025 22:18:21 PAGE 1   


C51 COMPILER V9.60.7.0, COMPILATION OF MODULE MAIN
OBJECT MODULE PLACED IN .\Objects\main.obj
COMPILER INVOKED BY: C:\Keil_v5\C51\BIN\C51.EXE main.c OPTIMIZE(8,SPEED) BROWSE DEBUG OBJECTEXTEND PRINT(.\Listings\main
                    -.lst) TABS(2) OBJECT(.\Objects\main.obj)

line level    source

   1          #include<reg51.h>
   2          
   3          void Delay(int time);
   4          
   5          void main()
   6          {
   7   1        while(1)
   8   1        {
   9   2          char temp;
  10   2          for(temp = 0; temp < 4; temp++)
  11   2          {
  12   3            P2 = 0xAA;
  13   3            Delay(200);
  14   3            
  15   3            P2 = 0x55;
  16   3            Delay(200);
  17   3            
  18   3            P2 = 0xCC;
  19   3            Delay(200);
  20   3            
  21   3            P2 = 0x33;
  22   3            Delay(200);
  23   3            
  24   3            P2 = 0xF0;
  25   3            Delay(200);
  26   3            
  27   3            P2 = 0x0F;
  28   3            Delay(200);
  29   3          }
  30   2        }
  31   1      }
  32          
  33          void Delay(int time)
  34          {
  35   1        unsigned int x, y;
  36   1        for(x = 0; x < time; x++)
  37   1        {
  38   2          for(y = 0; y < time; y++);
  39   2        }
  40   1      }


MODULE INFORMATION:   STATIC OVERLAYABLE
   CODE SIZE        =     91    ----
   CONSTANT SIZE    =   ----    ----
   XDATA SIZE       =   ----    ----
   PDATA SIZE       =   ----    ----
   DATA SIZE        =   ----       1
   IDATA SIZE       =   ----    ----
   BIT SIZE         =   ----    ----
END OF MODULE INFORMATION.


C51 COMPILATION COMPLETE.  0 WARNING(S),  0 ERROR(S)
