C51 COMPILER V9.60.7.0   MAIN                                                              02/12/2025 22:12:07 PAGE 1   


C51 COMPILER V9.60.7.0, COMPILATION OF MODULE MAIN
OBJECT MODULE PLACED IN .\Objects\main.obj
COMPILER INVOKED BY: C:\Keil_v5\C51\BIN\C51.EXE main.c OPTIMIZE(8,SPEED) BROWSE DEBUG OBJECTEXTEND PRINT(.\Listings\main
                    -.lst) TABS(2) OBJECT(.\Objects\main.obj)

line level    source

   1          #include<reg52.h>           // special function register declaration 
   2                                      // for the intended 8051 derivativ
   3           sbit LED = P2^0;           // Defining LED pin
   4           void Delay(void);          // Function prototype declaration
   5           void main (void)
   6           {
   7   1       /*
   8   1          while(1)                // infinite loop
   9   1            {
  10   1                LED = 0;            // LED ON
  11   1                Delay();
  12   1              
  13   1                LED = 1;            // LED OFF
  14   1                Delay();
  15   1            }
  16   1      */
  17   1         
  18   1         while(1)
  19   1         {
  20   2           LED = ~ LED;  //Inverting the LED Bit
  21   2           Delay();
  22   2           
  23   2         }
  24   1       }
  25             
  26           void Delay(void)
  27           {
  28   1          unsigned int i, j;
  29   1          for(i=0;i<100;i++)
  30   1          {
  31   2              for(j=0;j<1000;j++)
  32   2              {
  33   3              }
  34   2          }
  35   1       }
  36            


MODULE INFORMATION:   STATIC OVERLAYABLE
   CODE SIZE        =     36    ----
   CONSTANT SIZE    =   ----    ----
   XDATA SIZE       =   ----    ----
   PDATA SIZE       =   ----    ----
   DATA SIZE        =   ----    ----
   IDATA SIZE       =   ----    ----
   BIT SIZE         =   ----    ----
END OF MODULE INFORMATION.


C51 COMPILATION COMPLETE.  0 WARNING(S),  0 ERROR(S)
