C51 COMPILER V9.60.7.0   MAIN                                                              02/12/2025 23:29:09 PAGE 1   


C51 COMPILER V9.60.7.0, COMPILATION OF MODULE MAIN
OBJECT MODULE PLACED IN .\Objects\main.obj
COMPILER INVOKED BY: C:\Keil_v5\C51\BIN\C51.EXE main.c OPTIMIZE(8,SPEED) BROWSE DEBUG OBJECTEXTEND PRINT(.\Listings\main
                    -.lst) TABS(2) OBJECT(.\Objects\main.obj)

line level    source

   1          #include<reg51.h>
   2          
   3          void Delay(int time);
   4          
   5          void main()
   6          {
   7   1        while(1)
   8   1        {
   9   2          char temp;
  10   2          for(temp = 0; temp < 4; temp++)
  11   2          {
  12   3            P2 = 0xAA;
  13   3            Delay(200);
  14   3            
  15   3            P2 = 0x55;
  16   3            Delay(200);
  17   3          }
  18   2          
  19   2          for(temp = 0; temp < 4; temp++)
  20   2          {
  21   3            P2 = 0xCC;
  22   3            Delay(200);
  23   3            
  24   3            P2 = 0x33;
  25   3            Delay(200);
  26   3          }
  27   2          
  28   2          for(temp = 0; temp < 4; temp++)
  29   2          {
  30   3            P2 = 0xF0;
  31   3            Delay(200);
  32   3            
  33   3            P2 = 0x0F;
  34   3            Delay(200);
  35   3          }
  36   2        }
  37   1      }
  38          
  39          void Delay(int time)
  40          {
  41   1        unsigned int x, y;
  42   1        for(x = 0; x < time; x++)
  43   1        {
  44   2          for(y = 0; y < time; y++);
  45   2        }
  46   1      }


MODULE INFORMATION:   STATIC OVERLAYABLE
   CODE SIZE        =    119    ----
   CONSTANT SIZE    =   ----    ----
   XDATA SIZE       =   ----    ----
   PDATA SIZE       =   ----    ----
   DATA SIZE        =   ----       1
C51 COMPILER V9.60.7.0   MAIN                                                              02/12/2025 23:29:09 PAGE 2   

   IDATA SIZE       =   ----    ----
   BIT SIZE         =   ----    ----
END OF MODULE INFORMATION.


C51 COMPILATION COMPLETE.  0 WARNING(S),  0 ERROR(S)
