C51 COMPILER V9.60.7.0   MAIN                                                              02/12/2025 22:35:22 PAGE 1   


C51 COMPILER V9.60.7.0, COMPILATION OF MODULE MAIN
OBJECT MODULE PLACED IN .\Objects\main.obj
COMPILER INVOKED BY: C:\Keil_v5\C51\BIN\C51.EXE main.c OPTIMIZE(8,SPEED) BROWSE DEBUG OBJECTEXTEND PRINT(.\Listings\main
                    -.lst) TABS(2) OBJECT(.\Objects\main.obj)

line level    source

   1          #include<reg51.h>
   2          
   3          void Delay(int a);
   4          
   5          void main()
   6          {
   7   1        while(1)
   8   1        {
   9   2          P2 = 0xFF;
  10   2          Delay(100);
  11   2          
  12   2          P2 = 0xFE;
  13   2          Delay(100);
  14   2          
  15   2          P2 = 0xFD;
  16   2          Delay(100);
  17   2        
  18   2          P2 = 0xFB;
  19   2          Delay(100);
  20   2          
  21   2          P2 = 0xF7;
  22   2          Delay(100);
  23   2          
  24   2          P2 = 0xEF;
  25   2          Delay(100);
  26   2          
  27   2          P2 = 0xDF;
  28   2          Delay(100);
  29   2          
  30   2          P2 = 0xBF;
  31   2          Delay(100);
  32   2          
  33   2          P2 = 0x7F;
  34   2          Delay(100);
  35   2        }
  36   1      }
  37          
  38          void Delay(int a)
  39          {
  40   1        unsigned int x, y;
  41   1        for(x = 0; x < 100; x++)
  42   1        {
  43   2          for(y = 0; y < a; y++);
  44   2        }
  45   1      }


MODULE INFORMATION:   STATIC OVERLAYABLE
   CODE SIZE        =     92    ----
   CONSTANT SIZE    =   ----    ----
   XDATA SIZE       =   ----    ----
   PDATA SIZE       =   ----    ----
   DATA SIZE        =   ----    ----
   IDATA SIZE       =   ----    ----
C51 COMPILER V9.60.7.0   MAIN                                                              02/12/2025 22:35:22 PAGE 2   

   BIT SIZE         =   ----    ----
END OF MODULE INFORMATION.


C51 COMPILATION COMPLETE.  0 WARNING(S),  0 ERROR(S)
